[debug] [2021-11-04T23:13:07.739Z] ----------------------------------------------------------------------
[debug] [2021-11-04T23:13:07.742Z] Command:       C:\Program Files\nodejs\node.exe C:\Users\Femi\AppData\Roaming\npm\node_modules\firebase-tools\lib\bin\firebase.js init
[debug] [2021-11-04T23:13:07.742Z] CLI Version:   9.22.0
[debug] [2021-11-04T23:13:07.742Z] Platform:      win32
[debug] [2021-11-04T23:13:07.743Z] Node Version:  v14.15.4
[debug] [2021-11-04T23:13:07.744Z] Time:          Fri Nov 05 2021 00:13:07 GMT+0100 (West Africa Standard Time)
[debug] [2021-11-04T23:13:07.744Z] ----------------------------------------------------------------------
[debug] 
[debug] [2021-11-04T23:13:07.818Z] > command requires scopes: ["email","openid","https://www.googleapis.com/auth/cloudplatformprojects.readonly","https://www.googleapis.com/auth/firebase","https://www.googleapis.com/auth/cloud-platform"]
[debug] [2021-11-04T23:13:07.818Z] > authorizing via signed-in user (ficazzosam@gmail.com)
[info] 
     ######## #### ########  ######## ########     ###     ######  ########
     ##        ##  ##     ## ##       ##     ##  ##   ##  ##       ##
     ######    ##  ########  ######   ########  #########  ######  ######
     ##        ##  ##    ##  ##       ##     ## ##     ##       ## ##
     ##       #### ##     ## ######## ########  ##     ##  ######  ########

You're about to initialize a Firebase project in this directory:

  C:\Users\Femi\Desktop\Repositories\sneak

Before we get started, keep in mind:

  * You are initializing within an existing Firebase project directory

[info] 
=== Project Setup
[info] 
[info] First, let's associate this project directory with a Firebase project.
[info] You can create multiple project aliases by running firebase use --add, 
[info] but for now we'll just set up a default project.
[info] 
[info] i  .firebaserc already has a default project, using audasive-boots. 
[debug] [2021-11-04T23:14:25.400Z] >>> [apiv2][query] GET https://firebase.googleapis.com/v1beta1/projects/audasive-boots [none]
[debug] [2021-11-04T23:14:25.951Z] <<< [apiv2][status] GET https://firebase.googleapis.com/v1beta1/projects/audasive-boots 200
[debug] [2021-11-04T23:14:25.951Z] <<< [apiv2][body] GET https://firebase.googleapis.com/v1beta1/projects/audasive-boots {"projectId":"audasive-boots","projectNumber":"285486707515","displayName":"Audasive-Boots","name":"projects/audasive-boots","resources":{"hostingSite":"audasive-boots"},"state":"ACTIVE"}
[info] 
=== Hosting Setup
[info] 
[info] Your public directory is the folder (relative to your project directory) that
[info] will contain Hosting assets to be uploaded with firebase deploy. If you
[info] have a build process for your assets, use your build's output directory.
[info] 
[debug] [2021-11-04T23:14:48.340Z] >>> [apiv2][query] GET https://www.gstatic.com/firebasejs/releases.json [none]
[debug] [2021-11-04T23:14:48.837Z] <<< [apiv2][status] GET https://www.gstatic.com/firebasejs/releases.json 200
[debug] [2021-11-04T23:14:48.837Z] <<< [apiv2][body] GET https://www.gstatic.com/firebasejs/releases.json {"current":{"version":"9.3.0","browserURL":"https://www.gstatic.com/firebasejs/9.3.0/firebase.js","packageURL":"https://www.gstatic.com/firebasejs/9.3.0/firebase.tgz"},"live":{"version":"9.3","browserURL":"https://www.gstatic.com/firebasejs/live/9.3/firebase.js","packageURL":"https://www.gstatic.com/firebasejs/live/9.3/firebase.tgz"},"components":{"analytics":"https://www.gstatic.com/firebasejs/9.3.0/firebase-analytics.js","app":"https://www.gstatic.com/firebasejs/9.3.0/firebase-app.js","app-check":"https://www.gstatic.com/firebasejs/9.3.0/firebase-app-check.js","auth":"https://www.gstatic.com/firebasejs/9.3.0/firebase-auth.js","auth/cordova":"https://www.gstatic.com/firebasejs/9.3.0/firebase-auth/cordova.js","auth/react-native":"https://www.gstatic.com/firebasejs/9.3.0/firebase-auth/react-native.js","functions":"https://www.gstatic.com/firebasejs/9.3.0/firebase-functions.js","firestore":"https://www.gstatic.com/firebasejs/9.3.0/firebase-firestore.js","firestore/lite":"https://www.gstatic.com/firebasejs/9.3.0/firebase-firestore/lite.js","storage":"https://www.gstatic.com/firebasejs/9.3.0/firebase-storage.js","performance":"https://www.gstatic.com/firebasejs/9.3.0/firebase-performance.js","remote-config":"https://www.gstatic.com/firebasejs/9.3.0/firebase-remote-config.js","messaging":"https://www.gstatic.com/firebasejs/9.3.0/firebase-messaging.js","messaging/sw":"https://www.gstatic.com/firebasejs/9.3.0/firebase-messaging/sw.js","database":"https://www.gstatic.com/firebasejs/9.3.0/firebase-database.js","firestore.memory":"https://www.gstatic.com/firebasejs/9.3.0/firebase-firestore.memory.js"}}
[info] +  Wrote public/index.html 
[info] 
[info] i  Detected a .git folder at C:\Users\Femi 
[info] i  Authorizing with GitHub to upload your service account to a GitHub repository's secrets store. 
[info] 
[info] Visit this URL on this device to log in:
[info] https://github.com/login/oauth/authorize?client_id=89cf50f02ac6aaed3484&state=126143960&redirect_uri=http%3A%2F%2Flocalhost%3A9005&scope=read%3Auser%20repo%20public_repo
[info] 
[info] Waiting for authentication...
[debug] [2021-11-04T23:15:10.241Z] >>> HTTP REQUEST POST https://github.com/login/oauth/access_token  
 {"client_id":"89cf50f02ac6aaed3484","client_secret":"3330d14abc895d9a74d5f17cd7a00711fa2c5bf0","code":"b274a788f2d4d6a4d56f","redirect_uri":"http://localhost:9005","state":"126143960"}
[debug] [2021-11-04T23:15:10.854Z] <<< HTTP RESPONSE 200 {"server":"GitHub.com","date":"Thu, 04 Nov 2021 23:15:10 GMT","content-type":"application/json; charset=utf-8","transfer-encoding":"chunked","vary":"X-PJAX, X-PJAX-Container, Accept-Encoding, Accept, X-Requested-With","permissions-policy":"interest-cohort=()","etag":"W/\"3aa688bf7c03dc82cc75de8a014c9da5\"","cache-control":"max-age=0, private, must-revalidate","strict-transport-security":"max-age=31536000; includeSubdomains; preload","x-frame-options":"deny","x-content-type-options":"nosniff","x-xss-protection":"0","referrer-policy":"origin-when-cross-origin, strict-origin-when-cross-origin","expect-ct":"max-age=2592000, report-uri=\"https://api.github.com/_private/browser/errors\"","content-security-policy":"default-src 'none'; base-uri 'self'; block-all-mixed-content; child-src github.com/assets-cdn/worker/ gist.github.com/assets-cdn/worker/; connect-src 'self' uploads.github.com objects-origin.githubusercontent.com www.githubstatus.com collector.githubapp.com api.github.com github-cloud.s3.amazonaws.com github-production-repository-file-5c1aeb.s3.amazonaws.com github-production-upload-manifest-file-7fdce7.s3.amazonaws.com github-production-user-asset-6210df.s3.amazonaws.com cdn.optimizely.com logx.optimizely.com/v1/events translator.github.com wss://alive.github.com; font-src github.githubassets.com; form-action 'self' github.com gist.github.com objects-origin.githubusercontent.com; frame-ancestors 'none'; frame-src render.githubusercontent.com viewscreen.githubusercontent.com notebooks.githubusercontent.com; img-src 'self' data: github.githubassets.com identicons.github.com collector.githubapp.com github-cloud.s3.amazonaws.com secured-user-images.githubusercontent.com/ *.githubusercontent.com; manifest-src 'self'; media-src github.com user-images.githubusercontent.com/; script-src github.githubassets.com; style-src 'unsafe-inline' github.githubassets.com; worker-src github.com/assets-cdn/worker/ gist.github.com/assets-cdn/worker/","x-github-request-id":"2104:E045:16B359C:1859F7D:6184697E"}
[debug] [2021-11-04T23:15:10.857Z] >>> [apiv2][query] GET https://api.github.com/user [none]
[debug] [2021-11-04T23:15:11.525Z] <<< [apiv2][status] GET https://api.github.com/user 200
[debug] [2021-11-04T23:15:11.525Z] <<< [apiv2][body] GET https://api.github.com/user {"login":"FemiObadimu","id":66454378,"node_id":"MDQ6VXNlcjY2NDU0Mzc4","avatar_url":"https://avatars.githubusercontent.com/u/66454378?v=4","gravatar_id":"","url":"https://api.github.com/users/FemiObadimu","html_url":"https://github.com/FemiObadimu","followers_url":"https://api.github.com/users/FemiObadimu/followers","following_url":"https://api.github.com/users/FemiObadimu/following{/other_user}","gists_url":"https://api.github.com/users/FemiObadimu/gists{/gist_id}","starred_url":"https://api.github.com/users/FemiObadimu/starred{/owner}{/repo}","subscriptions_url":"https://api.github.com/users/FemiObadimu/subscriptions","organizations_url":"https://api.github.com/users/FemiObadimu/orgs","repos_url":"https://api.github.com/users/FemiObadimu/repos","events_url":"https://api.github.com/users/FemiObadimu/events{/privacy}","received_events_url":"https://api.github.com/users/FemiObadimu/received_events","type":"User","site_admin":false,"name":"Femi Obadimu","company":"Self Employed","blog":"","location":"Mainland Lagos","email":null,"hireable":null,"bio":"Software Engineer ðŸ’»,\r\nJavaScriptðŸ˜,\r\nReactJS ðŸ”¥,\r\nNodeJS ðŸšœ,\r\n\r\nGit ðŸ™Œ & Github Loving.......\r\nFollow @devsInstitute for more","twitter_username":"devsinstitute","public_repos":45,"public_gists":1,"followers":6,"following":5,"created_at":"2020-06-05T03:07:35Z","updated_at":"2021-09-25T09:13:48Z","private_gists":0,"total_private_repos":1,"owned_private_repos":1,"disk_usage":133366,"collaborators":0,"two_factor_authentication":false,"plan":{"name":"free","space":976562499,"collaborators":0,"private_repos":10000}}
[info] 
[info] +  Success! Logged into GitHub as FemiObadimu 
[info] 
[debug] [2021-11-04T23:15:41.624Z] >>> [apiv2][query] GET https://api.github.com/repos//actions/secrets/public-key type=owner
[debug] [2021-11-04T23:15:42.232Z] <<< [apiv2][status] GET https://api.github.com/repos//actions/secrets/public-key 404
[debug] [2021-11-04T23:15:42.232Z] <<< [apiv2][body] GET https://api.github.com/repos//actions/secrets/public-key {"message":"Not Found","documentation_url":"https://docs.github.com/rest"}
